--> function main()
    --> VulkanExampleBase::VulkanExampleBase()
        --> VulkanExampleBase::initxcbConnection()
        <-- VulkanExampleBase::initxcbConnection()
    <-- VulkanExampleBase::VulkanExampleBase()
    --> VulkanExample::VulkanExample()
    <-- VulkanExample::VulkanExample()
    --> VulkanExample::initVulkan()
        --> VulkanExample::createInstance()
        <-- VulkanExample::createInstance()
        --> VulkanExample::getEnabledFeatures()
        <-- VulkanExample::getEnabledFeatures()
    <-- VulkanExample::initVulkan()
    --> VulkanExample::setupWindow()
        --> function intern_atom_helper()
        <-- function intern_atom_helper()
        --> function intern_atom_helper()
        <-- function intern_atom_helper()
        --> VulkanExample::getWindowTitle()
        <-- VulkanExample::getWindowTitle()
    <-- VulkanExample::setupWindow()
    --> VulkanExample::initSwapchain()
    <-- VulkanExample::initSwapchain()
    --> VulkanExample::prepare()
        --> VulkanExample::prepare()
            --> VulkanExample::createCommandPool()
            <-- VulkanExample::createCommandPool()
            --> VulkanExample::setupSwapChain()
            <-- VulkanExample::setupSwapChain()
            --> VulkanExample::createCommandBuffers()
            <-- VulkanExample::createCommandBuffers()
            --> VulkanExample::setupDepthStencil()
            <-- VulkanExample::setupDepthStencil()
            --> VulkanExample::setupRenderPass()
            <-- VulkanExample::setupRenderPass()
            --> VulkanExample::createPipelineCache()
            <-- VulkanExample::createPipelineCache()
            --> VulkanExample::setupFrameBuffer()
            <-- VulkanExample::setupFrameBuffer()
            --> VulkanExample::loadShader()
            .
            .
            .
            <-- VulkanExample::loadShader()
            --> VulkanExample::updateTextOverlay()
                --> VulkanExample::getOverlayText()
                <-- VulkanExample::getOverlayText()
            <-- VulkanExample::updateTextOverlay()
        <-- VulkanExample::prepare()
        --> VulkanExample::loadAssets()
        <-- VulkanExample::loadAssets()
        --> VulkanExample::prepareInstanceData()
            --> VulkanExample::rnd()
            .
            .
            .
            <-- VulkanExample::rnd()
            --> VulkanExample::createCommandBuffer()
            <-- VulkanExample::createCommandBuffer()
            --> VulkanExample::flushCommandBuffer()
            <-- VulkanExample::flushCommandBuffer()
        <-- VulkanExample::prepareInstanceData()
        --> VulkanExample::prepareUniformBuffers()
            --> VulkanExample::updateUniformBuffer()
                --> VulkanExample::updateLight()
                <-- VulkanExample::updateLight()
            <-- VulkanExample::updateUniformBuffer()
        <-- VulkanExample::prepareUniformBuffers()
        --> VulkanExample::setupDescriptorSetLayout()
        <-- VulkanExample::setupDescriptorSetLayout()
        --> VulkanExample::preparePipelines()
            --> VulkanExample::loadShader()
            .
            .
            .
            <-- VulkanExample::loadShader()
        <-- VulkanExample::preparePipelines()
        --> VulkanExample::setupDescriptorPool()
        <-- VulkanExample::setupDescriptorPool()
        --> VulkanExample::setupDescriptorSet()
        <-- VulkanExample::setupDescriptorSet()
        --> VulkanExample::buildCommandBuffers()
        <-- VulkanExample::buildCommandBuffers()
    <-- VulkanExample::prepare()
    --> VulkanExample::renderLoop()
        --> VulkanExample::render()
            --> VulkanExample::draw()
                --> VulkanExample::prepareFrame()
                <-- VulkanExample::prepareFrame()
                --> VulkanExample::submitFrame()
                <-- VulkanExample::submitFrame()
            <-- VulkanExample::draw()
            --> VulkanExample::updateUniformBuffer()
                --> VulkanExample::updateLight()
                <-- VulkanExample::updateLight()
            <-- VulkanExample::updateUniformBuffer()
        <-- VulkanExample::render()
        .
        .
        .
        --> VulkanExample::render()
            --> VulkanExample::draw()
                --> VulkanExample::prepareFrame()
                <-- VulkanExample::prepareFrame()
                --> VulkanExample::submitFrame()
                <-- VulkanExample::submitFrame()
            <-- VulkanExample::draw()
            --> VulkanExample::updateUniformBuffer()
                --> VulkanExample::updateLight()
                <-- VulkanExample::updateLight()
            <-- VulkanExample::updateUniformBuffer()
        <-- VulkanExample::render()
        --> VulkanExample::updateTextOverlay()
            --> VulkanExample::getOverlayText()
            <-- VulkanExample::getOverlayText()
        <-- VulkanExample::updateTextOverlay()
        --> VulkanExample::windowResize()
            --> VulkanExample::setupSwapChain()
            <-- VulkanExample::setupSwapChain()
            --> VulkanExample::setupDepthStencil()
            <-- VulkanExample::setupDepthStencil()
            --> VulkanExample::setupFrameBuffer()
            <-- VulkanExample::setupFrameBuffer()
            --> VulkanExample::destroyCommandBuffers()
            <-- VulkanExample::destroyCommandBuffers()
            --> VulkanExample::createCommandBuffers()
            <-- VulkanExample::createCommandBuffers()
            --> VulkanExample::buildCommandBuffers()
            <-- VulkanExample::buildCommandBuffers()
            --> VulkanExample::updateTextOverlay()
                --> VulkanExample::getOverlayText()
                <-- VulkanExample::getOverlayText()
            <-- VulkanExample::updateTextOverlay()
            --> VulkanExample::windowResized()
            <-- VulkanExample::windowResized()
            --> VulkanExample::viewChanged()
                --> VulkanExample::updateUniformBuffer()
                    --> VulkanExample::updateLight()
                    <-- VulkanExample::updateLight()
                <-- VulkanExample::updateUniformBuffer()
            <-- VulkanExample::viewChanged()
        <-- VulkanExample::windowResize()
        --> VulkanExample::render()
            --> VulkanExample::draw()
                --> VulkanExample::prepareFrame()
                <-- VulkanExample::prepareFrame()
                --> VulkanExample::submitFrame()
                <-- VulkanExample::submitFrame()
            <-- VulkanExample::draw()
            --> VulkanExample::updateUniformBuffer()
                --> VulkanExample::updateLight()
                <-- VulkanExample::updateLight()
            <-- VulkanExample::updateUniformBuffer()
        <-- VulkanExample::render()
        .
        .
        .
        --> VulkanExample::render()
            --> VulkanExample::draw()
                --> VulkanExample::prepareFrame()
                <-- VulkanExample::prepareFrame()
                --> VulkanExample::submitFrame()
                <-- VulkanExample::submitFrame()
            <-- VulkanExample::draw()
            --> VulkanExample::updateUniformBuffer()
                --> VulkanExample::updateLight()
                <-- VulkanExample::updateLight()
            <-- VulkanExample::updateUniformBuffer()
        <-- VulkanExample::render()
        --> VulkanExample::keyPressed()
        <-- VulkanExample::keyPressed()
        --> VulkanExample::render()
            --> VulkanExample::draw()
                --> VulkanExample::prepareFrame()
                <-- VulkanExample::prepareFrame()
                --> VulkanExample::submitFrame()
                <-- VulkanExample::submitFrame()
            <-- VulkanExample::draw()
            --> VulkanExample::updateUniformBuffer()
                --> VulkanExample::updateLight()
                <-- VulkanExample::updateLight()
            <-- VulkanExample::updateUniformBuffer()
        <-- VulkanExample::render()
        --> VulkanExample::updateTextOverlay()
            --> VulkanExample::getOverlayText()
            <-- VulkanExample::getOverlayText()
        <-- VulkanExample::updateTextOverlay()
    <-- VulkanExample::renderLoop()
    --> VulkanExample::~VulkanExample()
    <-- VulkanExample::~VulkanExample()
    --> VulkanExampleBase::~VulkanExampleBase()
        --> VulkanExampleBase::destroyCommandBuffers()
        <-- VulkanExampleBase::destroyCommandBuffers()
    <-- VulkanExampleBase::~VulkanExampleBase()
<-- function main()
